<?xml version="1.0" encoding="UTF-8"?>
<testsuite xmlns:xsi="http://www.w3.org/2001/XMLSchema-instance" xsi:noNamespaceSchemaLocation="https://maven.apache.org/surefire/maven-surefire-plugin/xsd/surefire-test-report-3.0.xsd" version="3.0" name="com.bestbuy.testsuite.StoresExtractionTest" time="1.371" tests="20" errors="0" skipped="0" failures="0">
  <properties>
    <property name="sun.desktop" value="windows"/>
    <property name="awt.toolkit" value="sun.awt.windows.WToolkit"/>
    <property name="file.encoding.pkg" value="sun.io"/>
    <property name="java.specification.version" value="1.8"/>
    <property name="sun.cpu.isalist" value="amd64"/>
    <property name="sun.jnu.encoding" value="Cp1252"/>
    <property name="java.class.path" value="C:\Users\ThinkPad\IdeaProjects\bestbuy-restassured-project\target\test-classes;C:\Users\ThinkPad\IdeaProjects\bestbuy-restassured-project\target\classes;C:\Users\ThinkPad\.m2\repository\junit\junit\4.11\junit-4.11.jar;C:\Users\ThinkPad\.m2\repository\org\hamcrest\hamcrest-core\1.3\hamcrest-core-1.3.jar;C:\Users\ThinkPad\.m2\repository\io\rest-assured\rest-assured\4.3.0\rest-assured-4.3.0.jar;C:\Users\ThinkPad\.m2\repository\org\codehaus\groovy\groovy\3.0.2\groovy-3.0.2.jar;C:\Users\ThinkPad\.m2\repository\org\codehaus\groovy\groovy-xml\3.0.2\groovy-xml-3.0.2.jar;C:\Users\ThinkPad\.m2\repository\org\apache\httpcomponents\httpclient\4.5.3\httpclient-4.5.3.jar;C:\Users\ThinkPad\.m2\repository\org\apache\httpcomponents\httpcore\4.4.6\httpcore-4.4.6.jar;C:\Users\ThinkPad\.m2\repository\commons-logging\commons-logging\1.2\commons-logging-1.2.jar;C:\Users\ThinkPad\.m2\repository\commons-codec\commons-codec\1.9\commons-codec-1.9.jar;C:\Users\ThinkPad\.m2\repository\org\apache\httpcomponents\httpmime\4.5.3\httpmime-4.5.3.jar;C:\Users\ThinkPad\.m2\repository\org\hamcrest\hamcrest\2.1\hamcrest-2.1.jar;C:\Users\ThinkPad\.m2\repository\org\ccil\cowan\tagsoup\tagsoup\1.2.1\tagsoup-1.2.1.jar;C:\Users\ThinkPad\.m2\repository\io\rest-assured\json-path\4.3.0\json-path-4.3.0.jar;C:\Users\ThinkPad\.m2\repository\org\codehaus\groovy\groovy-json\3.0.2\groovy-json-3.0.2.jar;C:\Users\ThinkPad\.m2\repository\io\rest-assured\rest-assured-common\4.3.0\rest-assured-common-4.3.0.jar;C:\Users\ThinkPad\.m2\repository\io\rest-assured\xml-path\4.3.0\xml-path-4.3.0.jar;C:\Users\ThinkPad\.m2\repository\org\apache\commons\commons-lang3\3.4\commons-lang3-3.4.jar;C:\Users\ThinkPad\.m2\repository\jakarta\xml\bind\jakarta.xml.bind-api\2.3.2\jakarta.xml.bind-api-2.3.2.jar;C:\Users\ThinkPad\.m2\repository\jakarta\activation\jakarta.activation-api\1.2.1\jakarta.activation-api-1.2.1.jar;C:\Users\ThinkPad\.m2\repository\com\sun\xml\bind\jaxb-osgi\2.3.0.1\jaxb-osgi-2.3.0.1.jar;C:\Users\ThinkPad\.m2\repository\org\apache\sling\org.apache.sling.javax.activation\0.1.0\org.apache.sling.javax.activation-0.1.0.jar;C:\Users\ThinkPad\.m2\repository\javax\activation\activation\1.1.1\activation-1.1.1.jar;C:\Users\ThinkPad\.m2\repository\com\fasterxml\jackson\core\jackson-databind\2.11.2\jackson-databind-2.11.2.jar;C:\Users\ThinkPad\.m2\repository\com\fasterxml\jackson\core\jackson-annotations\2.11.2\jackson-annotations-2.11.2.jar;C:\Users\ThinkPad\.m2\repository\com\fasterxml\jackson\core\jackson-core\2.11.2\jackson-core-2.11.2.jar;C:\Users\ThinkPad\.m2\repository\org\skyscreamer\jsonassert\1.5.0\jsonassert-1.5.0.jar;C:\Users\ThinkPad\.m2\repository\com\vaadin\external\google\android-json\0.0.20131108.vaadin1\android-json-0.0.20131108.vaadin1.jar;C:\Users\ThinkPad\.m2\repository\org\assertj\assertj-core\1.7.0\assertj-core-1.7.0.jar;"/>
    <property name="java.vm.vendor" value="Amazon.com Inc."/>
    <property name="sun.arch.data.model" value="64"/>
    <property name="user.variant" value=""/>
    <property name="java.vendor.url" value="https://aws.amazon.com/corretto/"/>
    <property name="user.timezone" value="Europe/London"/>
    <property name="java.vm.specification.version" value="1.8"/>
    <property name="os.name" value="Windows 10"/>
    <property name="user.country" value="GB"/>
    <property name="sun.java.launcher" value="SUN_STANDARD"/>
    <property name="sun.boot.library.path" value="C:\Users\ThinkPad\.jdks\corretto-1.8.0_362-1\jre\bin"/>
    <property name="sun.java.command" value="C:\Users\ThinkPad\AppData\Local\Temp\surefire3771786572851769441\surefirebooter-20230529072000119_3.jar C:\Users\ThinkPad\AppData\Local\Temp\surefire3771786572851769441 2023-05-29T07-19-58_023-jvmRun1 surefire-20230529072000119_1tmp surefire_0-20230529072000119_2tmp"/>
    <property name="surefire.test.class.path" value="C:\Users\ThinkPad\IdeaProjects\bestbuy-restassured-project\target\test-classes;C:\Users\ThinkPad\IdeaProjects\bestbuy-restassured-project\target\classes;C:\Users\ThinkPad\.m2\repository\junit\junit\4.11\junit-4.11.jar;C:\Users\ThinkPad\.m2\repository\org\hamcrest\hamcrest-core\1.3\hamcrest-core-1.3.jar;C:\Users\ThinkPad\.m2\repository\io\rest-assured\rest-assured\4.3.0\rest-assured-4.3.0.jar;C:\Users\ThinkPad\.m2\repository\org\codehaus\groovy\groovy\3.0.2\groovy-3.0.2.jar;C:\Users\ThinkPad\.m2\repository\org\codehaus\groovy\groovy-xml\3.0.2\groovy-xml-3.0.2.jar;C:\Users\ThinkPad\.m2\repository\org\apache\httpcomponents\httpclient\4.5.3\httpclient-4.5.3.jar;C:\Users\ThinkPad\.m2\repository\org\apache\httpcomponents\httpcore\4.4.6\httpcore-4.4.6.jar;C:\Users\ThinkPad\.m2\repository\commons-logging\commons-logging\1.2\commons-logging-1.2.jar;C:\Users\ThinkPad\.m2\repository\commons-codec\commons-codec\1.9\commons-codec-1.9.jar;C:\Users\ThinkPad\.m2\repository\org\apache\httpcomponents\httpmime\4.5.3\httpmime-4.5.3.jar;C:\Users\ThinkPad\.m2\repository\org\hamcrest\hamcrest\2.1\hamcrest-2.1.jar;C:\Users\ThinkPad\.m2\repository\org\ccil\cowan\tagsoup\tagsoup\1.2.1\tagsoup-1.2.1.jar;C:\Users\ThinkPad\.m2\repository\io\rest-assured\json-path\4.3.0\json-path-4.3.0.jar;C:\Users\ThinkPad\.m2\repository\org\codehaus\groovy\groovy-json\3.0.2\groovy-json-3.0.2.jar;C:\Users\ThinkPad\.m2\repository\io\rest-assured\rest-assured-common\4.3.0\rest-assured-common-4.3.0.jar;C:\Users\ThinkPad\.m2\repository\io\rest-assured\xml-path\4.3.0\xml-path-4.3.0.jar;C:\Users\ThinkPad\.m2\repository\org\apache\commons\commons-lang3\3.4\commons-lang3-3.4.jar;C:\Users\ThinkPad\.m2\repository\jakarta\xml\bind\jakarta.xml.bind-api\2.3.2\jakarta.xml.bind-api-2.3.2.jar;C:\Users\ThinkPad\.m2\repository\jakarta\activation\jakarta.activation-api\1.2.1\jakarta.activation-api-1.2.1.jar;C:\Users\ThinkPad\.m2\repository\com\sun\xml\bind\jaxb-osgi\2.3.0.1\jaxb-osgi-2.3.0.1.jar;C:\Users\ThinkPad\.m2\repository\org\apache\sling\org.apache.sling.javax.activation\0.1.0\org.apache.sling.javax.activation-0.1.0.jar;C:\Users\ThinkPad\.m2\repository\javax\activation\activation\1.1.1\activation-1.1.1.jar;C:\Users\ThinkPad\.m2\repository\com\fasterxml\jackson\core\jackson-databind\2.11.2\jackson-databind-2.11.2.jar;C:\Users\ThinkPad\.m2\repository\com\fasterxml\jackson\core\jackson-annotations\2.11.2\jackson-annotations-2.11.2.jar;C:\Users\ThinkPad\.m2\repository\com\fasterxml\jackson\core\jackson-core\2.11.2\jackson-core-2.11.2.jar;C:\Users\ThinkPad\.m2\repository\org\skyscreamer\jsonassert\1.5.0\jsonassert-1.5.0.jar;C:\Users\ThinkPad\.m2\repository\com\vaadin\external\google\android-json\0.0.20131108.vaadin1\android-json-0.0.20131108.vaadin1.jar;C:\Users\ThinkPad\.m2\repository\org\assertj\assertj-core\1.7.0\assertj-core-1.7.0.jar;"/>
    <property name="sun.cpu.endian" value="little"/>
    <property name="user.home" value="C:\Users\ThinkPad"/>
    <property name="user.language" value="en"/>
    <property name="java.specification.vendor" value="Oracle Corporation"/>
    <property name="java.home" value="C:\Users\ThinkPad\.jdks\corretto-1.8.0_362-1\jre"/>
    <property name="basedir" value="C:\Users\ThinkPad\IdeaProjects\bestbuy-restassured-project"/>
    <property name="file.separator" value="\"/>
    <property name="line.separator" value="&#10;"/>
    <property name="java.vm.specification.vendor" value="Oracle Corporation"/>
    <property name="java.specification.name" value="Java Platform API Specification"/>
    <property name="java.awt.graphicsenv" value="sun.awt.Win32GraphicsEnvironment"/>
    <property name="surefire.real.class.path" value="C:\Users\ThinkPad\AppData\Local\Temp\surefire3771786572851769441\surefirebooter-20230529072000119_3.jar"/>
    <property name="sun.boot.class.path" value="C:\Users\ThinkPad\.jdks\corretto-1.8.0_362-1\jre\lib\resources.jar;C:\Users\ThinkPad\.jdks\corretto-1.8.0_362-1\jre\lib\rt.jar;C:\Users\ThinkPad\.jdks\corretto-1.8.0_362-1\jre\lib\sunrsasign.jar;C:\Users\ThinkPad\.jdks\corretto-1.8.0_362-1\jre\lib\jsse.jar;C:\Users\ThinkPad\.jdks\corretto-1.8.0_362-1\jre\lib\jce.jar;C:\Users\ThinkPad\.jdks\corretto-1.8.0_362-1\jre\lib\charsets.jar;C:\Users\ThinkPad\.jdks\corretto-1.8.0_362-1\jre\lib\jfr.jar;C:\Users\ThinkPad\.jdks\corretto-1.8.0_362-1\jre\classes"/>
    <property name="user.script" value=""/>
    <property name="sun.management.compiler" value="HotSpot 64-Bit Tiered Compilers"/>
    <property name="java.runtime.version" value="1.8.0_362-b08"/>
    <property name="user.name" value="ThinkPad"/>
    <property name="path.separator" value=";"/>
    <property name="os.version" value="10.0"/>
    <property name="java.endorsed.dirs" value="C:\Users\ThinkPad\.jdks\corretto-1.8.0_362-1\jre\lib\endorsed"/>
    <property name="java.runtime.name" value="OpenJDK Runtime Environment"/>
    <property name="file.encoding" value="Cp1252"/>
    <property name="java.vm.name" value="OpenJDK 64-Bit Server VM"/>
    <property name="localRepository" value="C:\Users\ThinkPad\.m2\repository"/>
    <property name="java.vendor.url.bug" value="https://github.com/corretto/corretto-8/issues/"/>
    <property name="java.io.tmpdir" value="C:\Users\ThinkPad\AppData\Local\Temp\"/>
    <property name="idea.version" value="2022.3.2"/>
    <property name="java.version" value="1.8.0_362"/>
    <property name="user.dir" value="C:\Users\ThinkPad\IdeaProjects\bestbuy-restassured-project"/>
    <property name="os.arch" value="amd64"/>
    <property name="java.vm.specification.name" value="Java Virtual Machine Specification"/>
    <property name="java.awt.printerjob" value="sun.awt.windows.WPrinterJob"/>
    <property name="sun.os.patch.level" value=""/>
    <property name="java.library.path" value="C:\Users\ThinkPad\.jdks\corretto-1.8.0_362-1\jre\bin;C:\WINDOWS\Sun\Java\bin;C:\WINDOWS\system32;C:\WINDOWS;C:\ProgramData\Oracle\Java\javapath;C:\Program Files\AdoptOpenJDK\jdk8u202-b08-jre\bin;C:\WINDOWS\system32;C:\WINDOWS;C:\WINDOWS\System32\Wbem;C:\WINDOWS\System32\WindowsPowerShell\v1.0\;C:\WINDOWS\System32\OpenSSH\;C:\Program Files\Java\jdk1.8.0_121\bin;C:\Program Files\Git\cmd;C:\Program Files\Apache\apache-maven-3.9.1\bin;C:\Program Files\Apache\apache-maven-3.9.1\bin;C:\Program Files\nodejs\;C:\Users\ThinkPad\AppData\Local\Microsoft\WindowsApps;C:\Users\ThinkPad\AppData\Local\Programs\Microsoft VS Code\bin;C:\Users\ThinkPad\AppData\Roaming\npm;."/>
    <property name="java.vm.info" value="mixed mode"/>
    <property name="java.vendor" value="Amazon.com Inc."/>
    <property name="java.vm.version" value="25.362-b08"/>
    <property name="java.specification.maintenance.version" value="4"/>
    <property name="java.ext.dirs" value="C:\Users\ThinkPad\.jdks\corretto-1.8.0_362-1\jre\lib\ext;C:\WINDOWS\Sun\Java\lib\ext"/>
    <property name="sun.io.unicode.encoding" value="UnicodeLittle"/>
    <property name="java.class.version" value="52.0"/>
  </properties>
  <testcase name="test008" classname="com.bestbuy.testsuite.StoresExtractionTest" time="0.079">
    <system-out><![CDATA[------------------Starting Test---------------------------
The address of the store where store name = Rochester is : [4050 Hwy 52 N]
------------------End of Test---------------------------
]]></system-out>
  </testcase>
  <testcase name="test009" classname="com.bestbuy.testsuite.StoresExtractionTest" time="0.098">
    <system-out><![CDATA[------------------Starting Test---------------------------
The all the services of 8th products are : [{id=1, name=Geek Squad Services, createdAt=2016-11-17T17:56:35.881Z, updatedAt=2016-11-17T17:56:35.881Z, storeservices={createdAt=2016-11-17T17:57:08.218Z, updatedAt=2016-11-17T17:57:08.218Z, storeId=13, serviceId=1}}, {id=2, name=Best Buy Mobile, createdAt=2016-11-17T17:56:35.881Z, updatedAt=2016-11-17T17:56:35.881Z, storeservices={createdAt=2016-11-17T17:57:08.218Z, updatedAt=2016-11-17T17:57:08.218Z, storeId=13, serviceId=2}}, {id=3, name=Best Buy For Business, createdAt=2016-11-17T17:56:35.881Z, updatedAt=2016-11-17T17:56:35.881Z, storeservices={createdAt=2016-11-17T17:57:08.218Z, updatedAt=2016-11-17T17:57:08.218Z, storeId=13, serviceId=3}}, {id=4, name=Apple Shop, createdAt=2016-11-17T17:56:35.881Z, updatedAt=2016-11-17T17:56:35.881Z, storeservices={createdAt=2016-11-17T17:57:08.218Z, updatedAt=2016-11-17T17:57:08.218Z, storeId=13, serviceId=4}}, {id=7, name=Electronics Recycling, createdAt=2016-11-17T17:56:35.881Z, updatedAt=2016-11-17T17:56:35.881Z, storeservices={createdAt=2016-11-17T17:57:08.218Z, updatedAt=2016-11-17T17:57:08.218Z, storeId=13, serviceId=7}}, {id=10, name=Windows Store, createdAt=2016-11-17T17:56:35.881Z, updatedAt=2016-11-17T17:56:35.881Z, storeservices={createdAt=2016-11-17T17:57:08.218Z, updatedAt=2016-11-17T17:57:08.218Z, storeId=13, serviceId=10}}, {id=11, name=Samsung Experience, createdAt=2016-11-17T17:56:35.881Z, updatedAt=2016-11-17T17:56:35.881Z, storeservices={createdAt=2016-11-17T17:57:08.218Z, updatedAt=2016-11-17T17:57:08.218Z, storeId=13, serviceId=11}}, {id=12, name=Car & GPS Installation Services, createdAt=2016-11-17T17:56:35.881Z, updatedAt=2016-11-17T17:56:35.881Z, storeservices={createdAt=2016-11-17T17:57:08.218Z, updatedAt=2016-11-17T17:57:08.218Z, storeId=13, serviceId=12}}, {id=13, name=LG Experience , createdAt=2016-11-17T17:56:35.881Z, updatedAt=2016-11-17T17:56:35.881Z, storeservices={createdAt=2016-11-17T17:57:08.218Z, updatedAt=2016-11-17T17:57:08.218Z, storeId=13, serviceId=13}}, {id=14, name=Sony Experience , createdAt=2016-11-17T17:56:35.881Z, updatedAt=2016-11-17T17:56:35.881Z, storeservices={createdAt=2016-11-17T17:57:08.218Z, updatedAt=2016-11-17T17:57:08.218Z, storeId=13, serviceId=14}}, {id=15, name=Best Buy Marine Powered by Geek Squad, createdAt=2016-11-17T17:56:35.881Z, updatedAt=2016-11-17T17:56:35.881Z, storeservices={createdAt=2016-11-17T17:57:08.218Z, updatedAt=2016-11-17T17:57:08.218Z, storeId=13, serviceId=15}}]
------------------End of Test---------------------------
]]></system-out>
  </testcase>
  <testcase name="test010" classname="com.bestbuy.testsuite.StoresExtractionTest" time="0.093">
    <system-out><![CDATA[------------------Starting Test---------------------------
The storeservices of the store where service name = Windows Store are: [[{createdAt=2016-11-17T17:57:09.213Z, updatedAt=2016-11-17T17:57:09.213Z, storeId=4, serviceId=10}], [{createdAt=2016-11-17T17:57:09.414Z, updatedAt=2016-11-17T17:57:09.414Z, storeId=6, serviceId=10}], [{createdAt=2016-11-17T17:57:09.417Z, updatedAt=2016-11-17T17:57:09.417Z, storeId=7, serviceId=10}], [], [{createdAt=2016-11-17T17:57:08.033Z, updatedAt=2016-11-17T17:57:08.033Z, storeId=10, serviceId=10}], [{createdAt=2016-11-17T17:57:08.154Z, updatedAt=2016-11-17T17:57:08.154Z, storeId=11, serviceId=10}], [{createdAt=2016-11-17T17:57:08.169Z, updatedAt=2016-11-17T17:57:08.169Z, storeId=12, serviceId=10}], [{createdAt=2016-11-17T17:57:08.218Z, updatedAt=2016-11-17T17:57:08.218Z, storeId=13, serviceId=10}], [{createdAt=2016-11-17T17:57:08.328Z, updatedAt=2016-11-17T17:57:08.328Z, storeId=14, serviceId=10}], [{createdAt=2016-11-17T17:57:08.361Z, updatedAt=2016-11-17T17:57:08.361Z, storeId=15, serviceId=10}]]
------------------End of Test---------------------------
]]></system-out>
  </testcase>
  <testcase name="test011" classname="com.bestbuy.testsuite.StoresExtractionTest" time="0.071">
    <system-out><![CDATA[------------------Starting Test---------------------------
The the storeId of all the stores are : [[4, 4, 4, 4, 4, 4, 4, 4, 4, 4, 4, 4, 4, 4], [6, 6, 6, 6, 6, 6, 6, 6, 6, 6], [7, 7, 7, 7, 7, 7, 7, 7, 7, 7, 7, 7, 7, 7], [8, 8, 8, 8, 8, 8, 8], [10, 10, 10, 10, 10, 10, 10, 10, 10, 10, 10, 10], [11, 11, 11, 11, 11, 11, 11, 11], [12, 12, 12, 12, 12, 12, 12, 12, 12, 12], [13, 13, 13, 13, 13, 13, 13, 13, 13, 13, 13], [14, 14, 14, 14, 14, 14, 14, 14, 14, 14], [15, 15, 15, 15, 15, 15, 15, 15, 15, 15, 15, 15, 15]]
------------------End of Test---------------------------
]]></system-out>
  </testcase>
  <testcase name="test012" classname="com.bestbuy.testsuite.StoresExtractionTest" time="0.236">
    <system-out><![CDATA[------------------Starting Test---------------------------
The storeId of all the stores are : [4, 6, 7, 8, 10, 11, 12, 13, 14, 15]
------------------End of Test---------------------------
]]></system-out>
  </testcase>
  <testcase name="test013" classname="com.bestbuy.testsuite.StoresExtractionTest" time="0.034">
    <system-out><![CDATA[------------------Starting Test---------------------------
The store names Where state = ND: [Fargo]
------------------End of Test---------------------------
]]></system-out>
  </testcase>
  <testcase name="test014" classname="com.bestbuy.testsuite.StoresExtractionTest" time="0.038">
    <system-out><![CDATA[------------------Starting Test---------------------------
The Total number of services for the store where store name = Rochester is : 10
------------------End of Test---------------------------
]]></system-out>
  </testcase>
  <testcase name="test016" classname="com.bestbuy.testsuite.StoresExtractionTest" time="0.052">
    <system-out><![CDATA[------------------Starting Test---------------------------
The name of all services Where store name = “Fargo” are : [[Geek Squad Services, Best Buy Mobile, Best Buy For Business, Apple Shop, Electronics Recycling, Windows Store, Samsung Experience, Car & GPS Installation Services, LG Experience , Sony Experience , Best Buy Marine Powered by Geek Squad]]
------------------End of Test---------------------------
]]></system-out>
  </testcase>
  <testcase name="test017" classname="com.bestbuy.testsuite.StoresExtractionTest" time="0.039">
    <system-out><![CDATA[------------------Starting Test---------------------------
The zip of all the store are : [55305, 55077, 55113, 55337, 55109, 55434, 56301, 58103, 55901, 55128]
------------------End of Test---------------------------
]]></system-out>
  </testcase>
  <testcase name="test018" classname="com.bestbuy.testsuite.StoresExtractionTest" time="0.06">
    <system-out><![CDATA[------------------Starting Test---------------------------
The zip of store name = Roseville is : [55113]
------------------End of Test---------------------------
]]></system-out>
  </testcase>
  <testcase name="test019" classname="com.bestbuy.testsuite.StoresExtractionTest" time="0.059">
    <system-out><![CDATA[------------------Starting Test---------------------------
The storeservices details of the service name = Magnolia Home Theater are : [[], [], [{createdAt=2016-11-17T17:57:09.417Z, updatedAt=2016-11-17T17:57:09.417Z, storeId=7, serviceId=8}], [], [{createdAt=2016-11-17T17:57:08.033Z, updatedAt=2016-11-17T17:57:08.033Z, storeId=10, serviceId=8}], [], [], [], [], []]
------------------End of Test---------------------------
]]></system-out>
  </testcase>
  <testcase name="test020" classname="com.bestbuy.testsuite.StoresExtractionTest" time="0.034">
    <system-out><![CDATA[------------------Starting Test---------------------------
The zip of all the store are : [44.969658, 44.879314, 45.01651, 44.747402, 45.036556, 45.12618, 45.55275, 46.857113, 44.064365, 44.950054]
------------------End of Test---------------------------
]]></system-out>
  </testcase>
  <testcase name="test0115" classname="com.bestbuy.testsuite.StoresExtractionTest" time="0.033">
    <system-out><![CDATA[------------------Starting Test---------------------------
The createdAt for all services whose name = “Windows Store”: [[2016-11-17T17:56:35.881Z], [2016-11-17T17:56:35.881Z], [2016-11-17T17:56:35.881Z], [], [2016-11-17T17:56:35.881Z], [2016-11-17T17:56:35.881Z], [2016-11-17T17:56:35.881Z], [2016-11-17T17:56:35.881Z], [2016-11-17T17:56:35.881Z], [2016-11-17T17:56:35.881Z]]
------------------End of Test---------------------------
]]></system-out>
  </testcase>
  <testcase name="test01" classname="com.bestbuy.testsuite.StoresExtractionTest" time="0.054">
    <system-out><![CDATA[------------------StartingTest---------------------------
The value of limit is : 10
------------------End of Test---------------------------
]]></system-out>
  </testcase>
  <testcase name="test02" classname="com.bestbuy.testsuite.StoresExtractionTest" time="0.044">
    <system-out><![CDATA[------------------StartingTest---------------------------
The value of total is : 1561
------------------End of Test---------------------------
]]></system-out>
  </testcase>
  <testcase name="test03" classname="com.bestbuy.testsuite.StoresExtractionTest" time="0.044">
    <system-out><![CDATA[------------------StartingTest---------------------------
The value of name is : Maplewood
------------------End of Test---------------------------
]]></system-out>
  </testcase>
  <testcase name="test04" classname="com.bestbuy.testsuite.StoresExtractionTest" time="0.04">
    <system-out><![CDATA[------------------StartingTest---------------------------
The value of all store name is : [Minnetonka, Inver Grove Heights, Roseville, Burnsville, Maplewood, Northtown, St Cloud, Fargo, Rochester, Oakdale]
------------------End of Test---------------------------
]]></system-out>
  </testcase>
  <testcase name="test05" classname="com.bestbuy.testsuite.StoresExtractionTest" time="0.029">
    <system-out><![CDATA[------------------StartingTest---------------------------
The value of all storeId is : [[4, 4, 4, 4, 4, 4, 4, 4, 4, 4, 4, 4, 4, 4], [6, 6, 6, 6, 6, 6, 6, 6, 6, 6], [7, 7, 7, 7, 7, 7, 7, 7, 7, 7, 7, 7, 7, 7], [8, 8, 8, 8, 8, 8, 8], [10, 10, 10, 10, 10, 10, 10, 10, 10, 10, 10, 10], [11, 11, 11, 11, 11, 11, 11, 11], [12, 12, 12, 12, 12, 12, 12, 12, 12, 12], [13, 13, 13, 13, 13, 13, 13, 13, 13, 13, 13], [14, 14, 14, 14, 14, 14, 14, 14, 14, 14], [15, 15, 15, 15, 15, 15, 15, 15, 15, 15, 15, 15, 15]]
------------------End of Test---------------------------
]]></system-out>
  </testcase>
  <testcase name="test06" classname="com.bestbuy.testsuite.StoresExtractionTest" time="0.052">
    <system-out><![CDATA[------------------StartingTest---------------------------
The value of data list size is : [{id=4, name=Minnetonka, type=BigBox, address=13513 Ridgedale Dr, address2=, city=Hopkins, state=MN, zip=55305, lat=44.969658, lng=-93.44954, hours=Mon: 10-9; Tue: 10-9; Wed: 10-9; Thurs: 10-9; Fri: 10-9; Sat: 10-9; Sun: 10-8, createdAt=2016-11-17T17:57:05.708Z, updatedAt=2016-11-17T17:57:05.708Z, services=[{id=1, name=Geek Squad Services, createdAt=2016-11-17T17:56:35.881Z, updatedAt=2016-11-17T17:56:35.881Z, storeservices={createdAt=2016-11-17T17:57:09.213Z, updatedAt=2016-11-17T17:57:09.213Z, storeId=4, serviceId=1}}, {id=2, name=Best Buy Mobile, createdAt=2016-11-17T17:56:35.881Z, updatedAt=2016-11-17T17:56:35.881Z, storeservices={createdAt=2016-11-17T17:57:09.213Z, updatedAt=2016-11-17T17:57:09.213Z, storeId=4, serviceId=2}}, {id=3, name=Best Buy For Business, createdAt=2016-11-17T17:56:35.881Z, updatedAt=2016-11-17T17:56:35.881Z, storeservices={createdAt=2016-11-17T17:57:09.213Z, updatedAt=2016-11-17T17:57:09.213Z, storeId=4, serviceId=3}}, {id=4, name=Apple Shop, createdAt=2016-11-17T17:56:35.881Z, updatedAt=2016-11-17T17:56:35.881Z, storeservices={createdAt=2016-11-17T17:57:09.213Z, updatedAt=2016-11-17T17:57:09.213Z, storeId=4, serviceId=4}}, {id=7, name=Electronics Recycling, createdAt=2016-11-17T17:56:35.881Z, updatedAt=2016-11-17T17:56:35.881Z, storeservices={createdAt=2016-11-17T17:57:09.213Z, updatedAt=2016-11-17T17:57:09.213Z, storeId=4, serviceId=7}}, {id=10, name=Windows Store, createdAt=2016-11-17T17:56:35.881Z, updatedAt=2016-11-17T17:56:35.881Z, storeservices={createdAt=2016-11-17T17:57:09.213Z, updatedAt=2016-11-17T17:57:09.213Z, storeId=4, serviceId=10}}, {id=11, name=Samsung Experience, createdAt=2016-11-17T17:56:35.881Z, updatedAt=2016-11-17T17:56:35.881Z, storeservices={createdAt=2016-11-17T17:57:09.213Z, updatedAt=2016-11-17T17:57:09.213Z, storeId=4, serviceId=11}}, {id=12, name=Car & GPS Installation Services, createdAt=2016-11-17T17:56:35.881Z, updatedAt=2016-11-17T17:56:35.881Z, storeservices={createdAt=2016-11-17T17:57:09.213Z, updatedAt=2016-11-17T17:57:09.213Z, storeId=4, serviceId=12}}, {id=13, name=LG Experience , createdAt=2016-11-17T17:56:35.881Z, updatedAt=2016-11-17T17:56:35.881Z, storeservices={createdAt=2016-11-17T17:57:09.213Z, updatedAt=2016-11-17T17:57:09.213Z, storeId=4, serviceId=13}}, {id=14, name=Sony Experience , createdAt=2016-11-17T17:56:35.881Z, updatedAt=2016-11-17T17:56:35.881Z, storeservices={createdAt=2016-11-17T17:57:09.213Z, updatedAt=2016-11-17T17:57:09.213Z, storeId=4, serviceId=14}}, {id=15, name=Best Buy Marine Powered by Geek Squad, createdAt=2016-11-17T17:56:35.881Z, updatedAt=2016-11-17T17:56:35.881Z, storeservices={createdAt=2016-11-17T17:57:09.213Z, updatedAt=2016-11-17T17:57:09.213Z, storeId=4, serviceId=15}}, {id=17, name=Magnolia Design Center , createdAt=2016-11-17T17:56:35.881Z, updatedAt=2016-11-17T17:56:35.881Z, storeservices={createdAt=2016-11-17T17:57:09.213Z, updatedAt=2016-11-17T17:57:09.213Z, storeId=4, serviceId=17}}, {id=18, name=Geek Squad Solution Central, createdAt=2016-11-17T17:56:35.881Z, updatedAt=2016-11-17T17:56:35.881Z, storeservices={createdAt=2016-11-17T17:57:09.213Z, updatedAt=2016-11-17T17:57:09.213Z, storeId=4, serviceId=18}}, {id=19, name=Pacific Kitchen & Home, createdAt=2016-11-17T17:56:35.881Z, updatedAt=2016-11-17T17:56:35.881Z, storeservices={createdAt=2016-11-17T17:57:09.213Z, updatedAt=2016-11-17T17:57:09.213Z, storeId=4, serviceId=19}}]}, {id=6, name=Inver Grove Heights, type=BigBox, address=1350 50th Street E, address2=, city=Inver Grove Heights, state=MN, zip=55077, lat=44.879314, lng=-93.077156, hours=Mon: 10-9; Tue: 10-9; Wed: 10-9; Thurs: 10-9; Fri: 10-9; Sat: 10-9; Sun: 10-8, createdAt=2016-11-17T17:57:05.831Z, updatedAt=2016-11-17T17:57:05.831Z, services=[{id=1, name=Geek Squad Services, createdAt=2016-11-17T17:56:35.881Z, updatedAt=2016-11-17T17:56:35.881Z, storeservices={createdAt=2016-11-17T17:57:09.414Z, updatedAt=2016-11-17T17:57:09.414Z, storeId=6, serviceId=1}}, {id=2, name=Best Buy Mobile, createdAt=2016-11-17T17:56:35.881Z, updatedAt=2016-11-17T17:56:35.881Z, storeservices={createdAt=2016-11-17T17:57:09.414Z, updatedAt=2016-11-17T17:57:09.414Z, storeId=6, serviceId=2}}, {id=3, name=Best Buy For Business, createdAt=2016-11-17T17:56:35.881Z, updatedAt=2016-11-17T17:56:35.881Z, storeservices={createdAt=2016-11-17T17:57:09.414Z, updatedAt=2016-11-17T17:57:09.414Z, storeId=6, serviceId=3}}, {id=4, name=Apple Shop, createdAt=2016-11-17T17:56:35.881Z, updatedAt=2016-11-17T17:56:35.881Z, storeservices={createdAt=2016-11-17T17:57:09.414Z, updatedAt=2016-11-17T17:57:09.414Z, storeId=6, serviceId=4}}, {id=5, name=Hablamos Español, createdAt=2016-11-17T17:56:35.881Z, updatedAt=2016-11-17T17:56:35.881Z, storeservices={createdAt=2016-11-17T17:57:09.414Z, updatedAt=2016-11-17T17:57:09.414Z, storeId=6, serviceId=5}}, {id=7, name=Electronics Recycling, createdAt=2016-11-17T17:56:35.881Z, updatedAt=2016-11-17T17:56:35.881Z, storeservices={createdAt=2016-11-17T17:57:09.414Z, updatedAt=2016-11-17T17:57:09.414Z, storeId=6, serviceId=7}}, {id=9, name=Samsung Experience Shop, createdAt=2016-11-17T17:56:35.881Z, updatedAt=2016-11-17T17:56:35.881Z, storeservices={createdAt=2016-11-17T17:57:09.414Z, updatedAt=2016-11-17T17:57:09.414Z, storeId=6, serviceId=9}}, {id=10, name=Windows Store, createdAt=2016-11-17T17:56:35.881Z, updatedAt=2016-11-17T17:56:35.881Z, storeservices={createdAt=2016-11-17T17:57:09.414Z, updatedAt=2016-11-17T17:57:09.414Z, storeId=6, serviceId=10}}, {id=12, name=Car & GPS Installation Services, createdAt=2016-11-17T17:56:35.881Z, updatedAt=2016-11-17T17:56:35.881Z, storeservices={createdAt=2016-11-17T17:57:09.414Z, updatedAt=2016-11-17T17:57:09.414Z, storeId=6, serviceId=12}}, {id=18, name=Geek Squad Solution Central, createdAt=2016-11-17T17:56:35.881Z, updatedAt=2016-11-17T17:56:35.881Z, storeservices={createdAt=2016-11-17T17:57:09.414Z, updatedAt=2016-11-17T17:57:09.414Z, storeId=6, serviceId=18}}]}, {id=7, name=Roseville, type=BigBox, address=1643 County Road B2, address2=, city=Roseville, state=MN, zip=55113, lat=45.01651, lng=-93.16852, hours=Mon: 10-9; Tue: 10-9; Wed: 10-9; Thurs: 10-9; Fri: 10-9; Sat: 10-9; Sun: 10-8, createdAt=2016-11-17T17:57:05.853Z, updatedAt=2016-11-17T17:57:05.853Z, services=[{id=1, name=Geek Squad Services, createdAt=2016-11-17T17:56:35.881Z, updatedAt=2016-11-17T17:56:35.881Z, storeservices={createdAt=2016-11-17T17:57:09.417Z, updatedAt=2016-11-17T17:57:09.417Z, storeId=7, serviceId=1}}, {id=2, name=Best Buy Mobile, createdAt=2016-11-17T17:56:35.881Z, updatedAt=2016-11-17T17:56:35.881Z, storeservices={createdAt=2016-11-17T17:57:09.417Z, updatedAt=2016-11-17T17:57:09.417Z, storeId=7, serviceId=2}}, {id=3, name=Best Buy For Business, createdAt=2016-11-17T17:56:35.881Z, updatedAt=2016-11-17T17:56:35.881Z, storeservices={createdAt=2016-11-17T17:57:09.417Z, updatedAt=2016-11-17T17:57:09.417Z, storeId=7, serviceId=3}}, {id=4, name=Apple Shop, createdAt=2016-11-17T17:56:35.881Z, updatedAt=2016-11-17T17:56:35.881Z, storeservices={createdAt=2016-11-17T17:57:09.417Z, updatedAt=2016-11-17T17:57:09.417Z, storeId=7, serviceId=4}}, {id=5, name=Hablamos Español, createdAt=2016-11-17T17:56:35.881Z, updatedAt=2016-11-17T17:56:35.881Z, storeservices={createdAt=2016-11-17T17:57:09.417Z, updatedAt=2016-11-17T17:57:09.417Z, storeId=7, serviceId=5}}, {id=6, name=Camera Experience Shop , createdAt=2016-11-17T17:56:35.881Z, updatedAt=2016-11-17T17:56:35.881Z, storeservices={createdAt=2016-11-17T17:57:09.417Z, updatedAt=2016-11-17T17:57:09.417Z, storeId=7, serviceId=6}}, {id=7, name=Electronics Recycling, createdAt=2016-11-17T17:56:35.881Z, updatedAt=2016-11-17T17:56:35.881Z, storeservices={createdAt=2016-11-17T17:57:09.417Z, updatedAt=2016-11-17T17:57:09.417Z, storeId=7, serviceId=7}}, {id=8, name=Magnolia Home Theater, createdAt=2016-11-17T17:56:35.881Z, updatedAt=2016-11-17T17:56:35.881Z, storeservices={createdAt=2016-11-17T17:57:09.417Z, updatedAt=2016-11-17T17:57:09.417Z, storeId=7, serviceId=8}}, {id=10, name=Windows Store, createdAt=2016-11-17T17:56:35.881Z, updatedAt=2016-11-17T17:56:35.881Z, storeservices={createdAt=2016-11-17T17:57:09.417Z, updatedAt=2016-11-17T17:57:09.417Z, storeId=7, serviceId=10}}, {id=11, name=Samsung Experience, createdAt=2016-11-17T17:56:35.881Z, updatedAt=2016-11-17T17:56:35.881Z, storeservices={createdAt=2016-11-17T17:57:09.417Z, updatedAt=2016-11-17T17:57:09.417Z, storeId=7, serviceId=11}}, {id=12, name=Car & GPS Installation Services, createdAt=2016-11-17T17:56:35.881Z, updatedAt=2016-11-17T17:56:35.881Z, storeservices={createdAt=2016-11-17T17:57:09.417Z, updatedAt=2016-11-17T17:57:09.417Z, storeId=7, serviceId=12}}, {id=15, name=Best Buy Marine Powered by Geek Squad, createdAt=2016-11-17T17:56:35.881Z, updatedAt=2016-11-17T17:56:35.881Z, storeservices={createdAt=2016-11-17T17:57:09.417Z, updatedAt=2016-11-17T17:57:09.417Z, storeId=7, serviceId=15}}, {id=18, name=Geek Squad Solution Central, createdAt=2016-11-17T17:56:35.881Z, updatedAt=2016-11-17T17:56:35.881Z, storeservices={createdAt=2016-11-17T17:57:09.417Z, updatedAt=2016-11-17T17:57:09.417Z, storeId=7, serviceId=18}}, {id=19, name=Pacific Kitchen & Home, createdAt=2016-11-17T17:56:35.881Z, updatedAt=2016-11-17T17:56:35.881Z, storeservices={createdAt=2016-11-17T17:57:09.417Z, updatedAt=2016-11-17T17:57:09.417Z, storeId=7, serviceId=19}}]}, {id=8, name=Burnsville, type=BigBox, address=14141 Aldrich Ave S, address2=, city=Burnsville, state=MN, zip=55337, lat=44.747402, lng=-93.28804, hours=Mon: 10-9; Tue: 10-9; Wed: 10-9; Thurs: 10-9; Fri: 10-9; Sat: 10-9; Sun: 10-8, createdAt=2016-11-17T17:57:06.108Z, updatedAt=2016-11-17T17:57:06.108Z, services=[{id=1, name=Geek Squad Services, createdAt=2016-11-17T17:56:35.881Z, updatedAt=2016-11-17T17:56:35.881Z, storeservices={createdAt=2016-11-17T17:57:09.595Z, updatedAt=2016-11-17T17:57:09.595Z, storeId=8, serviceId=1}}, {id=2, name=Best Buy Mobile, createdAt=2016-11-17T17:56:35.881Z, updatedAt=2016-11-17T17:56:35.881Z, storeservices={createdAt=2016-11-17T17:57:09.595Z, updatedAt=2016-11-17T17:57:09.595Z, storeId=8, serviceId=2}}, {id=3, name=Best Buy For Business, createdAt=2016-11-17T17:56:35.881Z, updatedAt=2016-11-17T17:56:35.881Z, storeservices={createdAt=2016-11-17T17:57:09.595Z, updatedAt=2016-11-17T17:57:09.595Z, storeId=8, serviceId=3}}, {id=4, name=Apple Shop, createdAt=2016-11-17T17:56:35.881Z, updatedAt=2016-11-17T17:56:35.881Z, storeservices={createdAt=2016-11-17T17:57:09.595Z, updatedAt=2016-11-17T17:57:09.595Z, storeId=8, serviceId=4}}, {id=7, name=Electronics Recycling, createdAt=2016-11-17T17:56:35.881Z, updatedAt=2016-11-17T17:56:35.881Z, storeservices={createdAt=2016-11-17T17:57:09.595Z, updatedAt=2016-11-17T17:57:09.595Z, storeId=8, serviceId=7}}, {id=9, name=Samsung Experience Shop, createdAt=2016-11-17T17:56:35.881Z, updatedAt=2016-11-17T17:56:35.881Z, storeservices={createdAt=2016-11-17T17:57:09.595Z, updatedAt=2016-11-17T17:57:09.595Z, storeId=8, serviceId=9}}, {id=18, name=Geek Squad Solution Central, createdAt=2016-11-17T17:56:35.881Z, updatedAt=2016-11-17T17:56:35.881Z, storeservices={createdAt=2016-11-17T17:57:09.595Z, updatedAt=2016-11-17T17:57:09.595Z, storeId=8, serviceId=18}}]}, {id=10, name=Maplewood, type=BigBox, address=1795 County Rd D E, address2=, city=Maplewood, state=MN, zip=55109, lat=45.036556, lng=-93.025986, hours=Mon: 10-9; Tue: 10-9; Wed: 10-9; Thurs: 10-9; Fri: 10-9; Sat: 10-9; Sun: 10-8, createdAt=2016-11-17T17:57:04.414Z, updatedAt=2016-11-17T17:57:04.414Z, services=[{id=1, name=Geek Squad Services, createdAt=2016-11-17T17:56:35.881Z, updatedAt=2016-11-17T17:56:35.881Z, storeservices={createdAt=2016-11-17T17:57:08.033Z, updatedAt=2016-11-17T17:57:08.033Z, storeId=10, serviceId=1}}, {id=2, name=Best Buy Mobile, createdAt=2016-11-17T17:56:35.881Z, updatedAt=2016-11-17T17:56:35.881Z, storeservices={createdAt=2016-11-17T17:57:08.033Z, updatedAt=2016-11-17T17:57:08.033Z, storeId=10, serviceId=2}}, {id=3, name=Best Buy For Business, createdAt=2016-11-17T17:56:35.881Z, updatedAt=2016-11-17T17:56:35.881Z, storeservices={createdAt=2016-11-17T17:57:08.033Z, updatedAt=2016-11-17T17:57:08.033Z, storeId=10, serviceId=3}}, {id=4, name=Apple Shop, createdAt=2016-11-17T17:56:35.881Z, updatedAt=2016-11-17T17:56:35.881Z, storeservices={createdAt=2016-11-17T17:57:08.033Z, updatedAt=2016-11-17T17:57:08.033Z, storeId=10, serviceId=4}}, {id=7, name=Electronics Recycling, createdAt=2016-11-17T17:56:35.881Z, updatedAt=2016-11-17T17:56:35.881Z, storeservices={createdAt=2016-11-17T17:57:08.033Z, updatedAt=2016-11-17T17:57:08.033Z, storeId=10, serviceId=7}}, {id=8, name=Magnolia Home Theater, createdAt=2016-11-17T17:56:35.881Z, updatedAt=2016-11-17T17:56:35.881Z, storeservices={createdAt=2016-11-17T17:57:08.033Z, updatedAt=2016-11-17T17:57:08.033Z, storeId=10, serviceId=8}}, {id=10, name=Windows Store, createdAt=2016-11-17T17:56:35.881Z, updatedAt=2016-11-17T17:56:35.881Z, storeservices={createdAt=2016-11-17T17:57:08.033Z, updatedAt=2016-11-17T17:57:08.033Z, storeId=10, serviceId=10}}, {id=11, name=Samsung Experience, createdAt=2016-11-17T17:56:35.881Z, updatedAt=2016-11-17T17:56:35.881Z, storeservices={createdAt=2016-11-17T17:57:08.033Z, updatedAt=2016-11-17T17:57:08.033Z, storeId=10, serviceId=11}}, {id=12, name=Car & GPS Installation Services, createdAt=2016-11-17T17:56:35.881Z, updatedAt=2016-11-17T17:56:35.881Z, storeservices={createdAt=2016-11-17T17:57:08.033Z, updatedAt=2016-11-17T17:57:08.033Z, storeId=10, serviceId=12}}, {id=13, name=LG Experience , createdAt=2016-11-17T17:56:35.881Z, updatedAt=2016-11-17T17:56:35.881Z, storeservices={createdAt=2016-11-17T17:57:08.033Z, updatedAt=2016-11-17T17:57:08.033Z, storeId=10, serviceId=13}}, {id=14, name=Sony Experience , createdAt=2016-11-17T17:56:35.881Z, updatedAt=2016-11-17T17:56:35.881Z, storeservices={createdAt=2016-11-17T17:57:08.033Z, updatedAt=2016-11-17T17:57:08.033Z, storeId=10, serviceId=14}}, {id=18, name=Geek Squad Solution Central, createdAt=2016-11-17T17:56:35.881Z, updatedAt=2016-11-17T17:56:35.881Z, storeservices={createdAt=2016-11-17T17:57:08.033Z, updatedAt=2016-11-17T17:57:08.033Z, storeId=10, serviceId=18}}]}, {id=11, name=Northtown, type=BigBox, address=300 Northtown Dr Ne, address2=, city=Blaine, state=MN, zip=55434, lat=45.12618, lng=-93.26143, hours=Mon: 10-9; Tue: 10-9; Wed: 10-9; Thurs: 10-9; Fri: 10-9; Sat: 10-9; Sun: 10-8, createdAt=2016-11-17T17:57:04.542Z, updatedAt=2016-11-17T17:57:04.542Z, services=[{id=1, name=Geek Squad Services, createdAt=2016-11-17T17:56:35.881Z, updatedAt=2016-11-17T17:56:35.881Z, storeservices={createdAt=2016-11-17T17:57:08.154Z, updatedAt=2016-11-17T17:57:08.154Z, storeId=11, serviceId=1}}, {id=2, name=Best Buy Mobile, createdAt=2016-11-17T17:56:35.881Z, updatedAt=2016-11-17T17:56:35.881Z, storeservices={createdAt=2016-11-17T17:57:08.154Z, updatedAt=2016-11-17T17:57:08.154Z, storeId=11, serviceId=2}}, {id=3, name=Best Buy For Business, createdAt=2016-11-17T17:56:35.881Z, updatedAt=2016-11-17T17:56:35.881Z, storeservices={createdAt=2016-11-17T17:57:08.154Z, updatedAt=2016-11-17T17:57:08.154Z, storeId=11, serviceId=3}}, {id=5, name=Hablamos Español, createdAt=2016-11-17T17:56:35.881Z, updatedAt=2016-11-17T17:56:35.881Z, storeservices={createdAt=2016-11-17T17:57:08.154Z, updatedAt=2016-11-17T17:57:08.154Z, storeId=11, serviceId=5}}, {id=7, name=Electronics Recycling, createdAt=2016-11-17T17:56:35.881Z, updatedAt=2016-11-17T17:56:35.881Z, storeservices={createdAt=2016-11-17T17:57:08.154Z, updatedAt=2016-11-17T17:57:08.154Z, storeId=11, serviceId=7}}, {id=9, name=Samsung Experience Shop, createdAt=2016-11-17T17:56:35.881Z, updatedAt=2016-11-17T17:56:35.881Z, storeservices={createdAt=2016-11-17T17:57:08.154Z, updatedAt=2016-11-17T17:57:08.154Z, storeId=11, serviceId=9}}, {id=10, name=Windows Store, createdAt=2016-11-17T17:56:35.881Z, updatedAt=2016-11-17T17:56:35.881Z, storeservices={createdAt=2016-11-17T17:57:08.154Z, updatedAt=2016-11-17T17:57:08.154Z, storeId=11, serviceId=10}}, {id=12, name=Car & GPS Installation Services, createdAt=2016-11-17T17:56:35.881Z, updatedAt=2016-11-17T17:56:35.881Z, storeservices={createdAt=2016-11-17T17:57:08.154Z, updatedAt=2016-11-17T17:57:08.154Z, storeId=11, serviceId=12}}]}, {id=12, name=St Cloud, type=BigBox, address=4130 W Division St, address2=, city=Saint Cloud, state=MN, zip=56301, lat=45.55275, lng=-94.209656, hours=Mon: 10-9; Tue: 10-9; Wed: 10-9; Thurs: 10-9; Fri: 9-9; Sat: 9-9; Sun: 10-8, createdAt=2016-11-17T17:57:04.575Z, updatedAt=2016-11-17T17:57:04.575Z, services=[{id=1, name=Geek Squad Services, createdAt=2016-11-17T17:56:35.881Z, updatedAt=2016-11-17T17:56:35.881Z, storeservices={createdAt=2016-11-17T17:57:08.169Z, updatedAt=2016-11-17T17:57:08.169Z, storeId=12, serviceId=1}}, {id=2, name=Best Buy Mobile, createdAt=2016-11-17T17:56:35.881Z, updatedAt=2016-11-17T17:56:35.881Z, storeservices={createdAt=2016-11-17T17:57:08.169Z, updatedAt=2016-11-17T17:57:08.169Z, storeId=12, serviceId=2}}, {id=3, name=Best Buy For Business, createdAt=2016-11-17T17:56:35.881Z, updatedAt=2016-11-17T17:56:35.881Z, storeservices={createdAt=2016-11-17T17:57:08.169Z, updatedAt=2016-11-17T17:57:08.169Z, storeId=12, serviceId=3}}, {id=4, name=Apple Shop, createdAt=2016-11-17T17:56:35.881Z, updatedAt=2016-11-17T17:56:35.881Z, storeservices={createdAt=2016-11-17T17:57:08.169Z, updatedAt=2016-11-17T17:57:08.169Z, storeId=12, serviceId=4}}, {id=5, name=Hablamos Español, createdAt=2016-11-17T17:56:35.881Z, updatedAt=2016-11-17T17:56:35.881Z, storeservices={createdAt=2016-11-17T17:57:08.169Z, updatedAt=2016-11-17T17:57:08.169Z, storeId=12, serviceId=5}}, {id=7, name=Electronics Recycling, createdAt=2016-11-17T17:56:35.881Z, updatedAt=2016-11-17T17:56:35.881Z, storeservices={createdAt=2016-11-17T17:57:08.169Z, updatedAt=2016-11-17T17:57:08.169Z, storeId=12, serviceId=7}}, {id=10, name=Windows Store, createdAt=2016-11-17T17:56:35.881Z, updatedAt=2016-11-17T17:56:35.881Z, storeservices={createdAt=2016-11-17T17:57:08.169Z, updatedAt=2016-11-17T17:57:08.169Z, storeId=12, serviceId=10}}, {id=11, name=Samsung Experience, createdAt=2016-11-17T17:56:35.881Z, updatedAt=2016-11-17T17:56:35.881Z, storeservices={createdAt=2016-11-17T17:57:08.169Z, updatedAt=2016-11-17T17:57:08.169Z, storeId=12, serviceId=11}}, {id=12, name=Car & GPS Installation Services, createdAt=2016-11-17T17:56:35.881Z, updatedAt=2016-11-17T17:56:35.881Z, storeservices={createdAt=2016-11-17T17:57:08.169Z, updatedAt=2016-11-17T17:57:08.169Z, storeId=12, serviceId=12}}, {id=15, name=Best Buy Marine Powered by Geek Squad, createdAt=2016-11-17T17:56:35.881Z, updatedAt=2016-11-17T17:56:35.881Z, storeservices={createdAt=2016-11-17T17:57:08.169Z, updatedAt=2016-11-17T17:57:08.169Z, storeId=12, serviceId=15}}]}, {id=13, name=Fargo, type=BigBox, address=1615 38th St S, address2=, city=Fargo, state=ND, zip=58103, lat=46.857113, lng=-96.84274, hours=Mon: 10-9; Tue: 10-9; Wed: 10-9; Thurs: 10-9; Fri: 9-9; Sat: 9-9; Sun: 12-8, createdAt=2016-11-17T17:57:04.603Z, updatedAt=2016-11-17T17:57:04.603Z, services=[{id=1, name=Geek Squad Services, createdAt=2016-11-17T17:56:35.881Z, updatedAt=2016-11-17T17:56:35.881Z, storeservices={createdAt=2016-11-17T17:57:08.218Z, updatedAt=2016-11-17T17:57:08.218Z, storeId=13, serviceId=1}}, {id=2, name=Best Buy Mobile, createdAt=2016-11-17T17:56:35.881Z, updatedAt=2016-11-17T17:56:35.881Z, storeservices={createdAt=2016-11-17T17:57:08.218Z, updatedAt=2016-11-17T17:57:08.218Z, storeId=13, serviceId=2}}, {id=3, name=Best Buy For Business, createdAt=2016-11-17T17:56:35.881Z, updatedAt=2016-11-17T17:56:35.881Z, storeservices={createdAt=2016-11-17T17:57:08.218Z, updatedAt=2016-11-17T17:57:08.218Z, storeId=13, serviceId=3}}, {id=4, name=Apple Shop, createdAt=2016-11-17T17:56:35.881Z, updatedAt=2016-11-17T17:56:35.881Z, storeservices={createdAt=2016-11-17T17:57:08.218Z, updatedAt=2016-11-17T17:57:08.218Z, storeId=13, serviceId=4}}, {id=7, name=Electronics Recycling, createdAt=2016-11-17T17:56:35.881Z, updatedAt=2016-11-17T17:56:35.881Z, storeservices={createdAt=2016-11-17T17:57:08.218Z, updatedAt=2016-11-17T17:57:08.218Z, storeId=13, serviceId=7}}, {id=10, name=Windows Store, createdAt=2016-11-17T17:56:35.881Z, updatedAt=2016-11-17T17:56:35.881Z, storeservices={createdAt=2016-11-17T17:57:08.218Z, updatedAt=2016-11-17T17:57:08.218Z, storeId=13, serviceId=10}}, {id=11, name=Samsung Experience, createdAt=2016-11-17T17:56:35.881Z, updatedAt=2016-11-17T17:56:35.881Z, storeservices={createdAt=2016-11-17T17:57:08.218Z, updatedAt=2016-11-17T17:57:08.218Z, storeId=13, serviceId=11}}, {id=12, name=Car & GPS Installation Services, createdAt=2016-11-17T17:56:35.881Z, updatedAt=2016-11-17T17:56:35.881Z, storeservices={createdAt=2016-11-17T17:57:08.218Z, updatedAt=2016-11-17T17:57:08.218Z, storeId=13, serviceId=12}}, {id=13, name=LG Experience , createdAt=2016-11-17T17:56:35.881Z, updatedAt=2016-11-17T17:56:35.881Z, storeservices={createdAt=2016-11-17T17:57:08.218Z, updatedAt=2016-11-17T17:57:08.218Z, storeId=13, serviceId=13}}, {id=14, name=Sony Experience , createdAt=2016-11-17T17:56:35.881Z, updatedAt=2016-11-17T17:56:35.881Z, storeservices={createdAt=2016-11-17T17:57:08.218Z, updatedAt=2016-11-17T17:57:08.218Z, storeId=13, serviceId=14}}, {id=15, name=Best Buy Marine Powered by Geek Squad, createdAt=2016-11-17T17:56:35.881Z, updatedAt=2016-11-17T17:56:35.881Z, storeservices={createdAt=2016-11-17T17:57:08.218Z, updatedAt=2016-11-17T17:57:08.218Z, storeId=13, serviceId=15}}]}, {id=14, name=Rochester, type=BigBox, address=4050 Hwy 52 N, address2=, city=Rochester, state=MN, zip=55901, lat=44.064365, lng=-92.496895, hours=Mon: 10-9; Tue: 10-9; Wed: 10-9; Thurs: 10-9; Fri: 10-9; Sat: 10-9; Sun: 10-8, createdAt=2016-11-17T17:57:04.756Z, updatedAt=2016-11-17T17:57:04.756Z, services=[{id=1, name=Geek Squad Services, createdAt=2016-11-17T17:56:35.881Z, updatedAt=2016-11-17T17:56:35.881Z, storeservices={createdAt=2016-11-17T17:57:08.328Z, updatedAt=2016-11-17T17:57:08.328Z, storeId=14, serviceId=1}}, {id=2, name=Best Buy Mobile, createdAt=2016-11-17T17:56:35.881Z, updatedAt=2016-11-17T17:56:35.881Z, storeservices={createdAt=2016-11-17T17:57:08.328Z, updatedAt=2016-11-17T17:57:08.328Z, storeId=14, serviceId=2}}, {id=3, name=Best Buy For Business, createdAt=2016-11-17T17:56:35.881Z, updatedAt=2016-11-17T17:56:35.881Z, storeservices={createdAt=2016-11-17T17:57:08.328Z, updatedAt=2016-11-17T17:57:08.328Z, storeId=14, serviceId=3}}, {id=4, name=Apple Shop, createdAt=2016-11-17T17:56:35.881Z, updatedAt=2016-11-17T17:56:35.881Z, storeservices={createdAt=2016-11-17T17:57:08.328Z, updatedAt=2016-11-17T17:57:08.328Z, storeId=14, serviceId=4}}, {id=7, name=Electronics Recycling, createdAt=2016-11-17T17:56:35.881Z, updatedAt=2016-11-17T17:56:35.881Z, storeservices={createdAt=2016-11-17T17:57:08.328Z, updatedAt=2016-11-17T17:57:08.328Z, storeId=14, serviceId=7}}, {id=10, name=Windows Store, createdAt=2016-11-17T17:56:35.881Z, updatedAt=2016-11-17T17:56:35.881Z, storeservices={createdAt=2016-11-17T17:57:08.328Z, updatedAt=2016-11-17T17:57:08.328Z, storeId=14, serviceId=10}}, {id=11, name=Samsung Experience, createdAt=2016-11-17T17:56:35.881Z, updatedAt=2016-11-17T17:56:35.881Z, storeservices={createdAt=2016-11-17T17:57:08.328Z, updatedAt=2016-11-17T17:57:08.328Z, storeId=14, serviceId=11}}, {id=12, name=Car & GPS Installation Services, createdAt=2016-11-17T17:56:35.881Z, updatedAt=2016-11-17T17:56:35.881Z, storeservices={createdAt=2016-11-17T17:57:08.328Z, updatedAt=2016-11-17T17:57:08.328Z, storeId=14, serviceId=12}}, {id=13, name=LG Experience , createdAt=2016-11-17T17:56:35.881Z, updatedAt=2016-11-17T17:56:35.881Z, storeservices={createdAt=2016-11-17T17:57:08.328Z, updatedAt=2016-11-17T17:57:08.328Z, storeId=14, serviceId=13}}, {id=14, name=Sony Experience , createdAt=2016-11-17T17:56:35.881Z, updatedAt=2016-11-17T17:56:35.881Z, storeservices={createdAt=2016-11-17T17:57:08.328Z, updatedAt=2016-11-17T17:57:08.328Z, storeId=14, serviceId=14}}]}, {id=15, name=Oakdale, type=BigBox, address=8301 3rd St N, address2=, city=Oakdale, state=MN, zip=55128, lat=44.950054, lng=-92.93639, hours=Mon: 10-9; Tue: 10-9; Wed: 10-9; Thurs: 10-9; Fri: 10-9; Sat: 10-9; Sun: 10-8, createdAt=2016-11-17T17:57:04.813Z, updatedAt=2016-11-17T17:57:04.813Z, services=[{id=1, name=Geek Squad Services, createdAt=2016-11-17T17:56:35.881Z, updatedAt=2016-11-17T17:56:35.881Z, storeservices={createdAt=2016-11-17T17:57:08.361Z, updatedAt=2016-11-17T17:57:08.361Z, storeId=15, serviceId=1}}, {id=2, name=Best Buy Mobile, createdAt=2016-11-17T17:56:35.881Z, updatedAt=2016-11-17T17:56:35.881Z, storeservices={createdAt=2016-11-17T17:57:08.361Z, updatedAt=2016-11-17T17:57:08.361Z, storeId=15, serviceId=2}}, {id=3, name=Best Buy For Business, createdAt=2016-11-17T17:56:35.881Z, updatedAt=2016-11-17T17:56:35.881Z, storeservices={createdAt=2016-11-17T17:57:08.361Z, updatedAt=2016-11-17T17:57:08.361Z, storeId=15, serviceId=3}}, {id=4, name=Apple Shop, createdAt=2016-11-17T17:56:35.881Z, updatedAt=2016-11-17T17:56:35.881Z, storeservices={createdAt=2016-11-17T17:57:08.361Z, updatedAt=2016-11-17T17:57:08.361Z, storeId=15, serviceId=4}}, {id=7, name=Electronics Recycling, createdAt=2016-11-17T17:56:35.881Z, updatedAt=2016-11-17T17:56:35.881Z, storeservices={createdAt=2016-11-17T17:57:08.361Z, updatedAt=2016-11-17T17:57:08.361Z, storeId=15, serviceId=7}}, {id=10, name=Windows Store, createdAt=2016-11-17T17:56:35.881Z, updatedAt=2016-11-17T17:56:35.881Z, storeservices={createdAt=2016-11-17T17:57:08.361Z, updatedAt=2016-11-17T17:57:08.361Z, storeId=15, serviceId=10}}, {id=11, name=Samsung Experience, createdAt=2016-11-17T17:56:35.881Z, updatedAt=2016-11-17T17:56:35.881Z, storeservices={createdAt=2016-11-17T17:57:08.361Z, updatedAt=2016-11-17T17:57:08.361Z, storeId=15, serviceId=11}}, {id=12, name=Car & GPS Installation Services, createdAt=2016-11-17T17:56:35.881Z, updatedAt=2016-11-17T17:56:35.881Z, storeservices={createdAt=2016-11-17T17:57:08.361Z, updatedAt=2016-11-17T17:57:08.361Z, storeId=15, serviceId=12}}, {id=13, name=LG Experience , createdAt=2016-11-17T17:56:35.881Z, updatedAt=2016-11-17T17:56:35.881Z, storeservices={createdAt=2016-11-17T17:57:08.361Z, updatedAt=2016-11-17T17:57:08.361Z, storeId=15, serviceId=13}}, {id=14, name=Sony Experience , createdAt=2016-11-17T17:56:35.881Z, updatedAt=2016-11-17T17:56:35.881Z, storeservices={createdAt=2016-11-17T17:57:08.361Z, updatedAt=2016-11-17T17:57:08.361Z, storeId=15, serviceId=14}}, {id=17, name=Magnolia Design Center , createdAt=2016-11-17T17:56:35.881Z, updatedAt=2016-11-17T17:56:35.881Z, storeservices={createdAt=2016-11-17T17:57:08.361Z, updatedAt=2016-11-17T17:57:08.361Z, storeId=15, serviceId=17}}, {id=18, name=Geek Squad Solution Central, createdAt=2016-11-17T17:56:35.881Z, updatedAt=2016-11-17T17:56:35.881Z, storeservices={createdAt=2016-11-17T17:57:08.361Z, updatedAt=2016-11-17T17:57:08.361Z, storeId=15, serviceId=18}}, {id=19, name=Pacific Kitchen & Home, createdAt=2016-11-17T17:56:35.881Z, updatedAt=2016-11-17T17:56:35.881Z, storeservices={createdAt=2016-11-17T17:57:08.361Z, updatedAt=2016-11-17T17:57:08.361Z, storeId=15, serviceId=19}}]}]
------------------End of Test---------------------------
]]></system-out>
  </testcase>
  <testcase name="test07" classname="com.bestbuy.testsuite.StoresExtractionTest" time="0.095">
    <system-out><![CDATA[------------------StartingTest---------------------------
The value of the store is : [{id=12, name=St Cloud, type=BigBox, address=4130 W Division St, address2=, city=Saint Cloud, state=MN, zip=56301, lat=45.55275, lng=-94.209656, hours=Mon: 10-9; Tue: 10-9; Wed: 10-9; Thurs: 10-9; Fri: 9-9; Sat: 9-9; Sun: 10-8, createdAt=2016-11-17T17:57:04.575Z, updatedAt=2016-11-17T17:57:04.575Z, services=[{id=1, name=Geek Squad Services, createdAt=2016-11-17T17:56:35.881Z, updatedAt=2016-11-17T17:56:35.881Z, storeservices={createdAt=2016-11-17T17:57:08.169Z, updatedAt=2016-11-17T17:57:08.169Z, storeId=12, serviceId=1}}, {id=2, name=Best Buy Mobile, createdAt=2016-11-17T17:56:35.881Z, updatedAt=2016-11-17T17:56:35.881Z, storeservices={createdAt=2016-11-17T17:57:08.169Z, updatedAt=2016-11-17T17:57:08.169Z, storeId=12, serviceId=2}}, {id=3, name=Best Buy For Business, createdAt=2016-11-17T17:56:35.881Z, updatedAt=2016-11-17T17:56:35.881Z, storeservices={createdAt=2016-11-17T17:57:08.169Z, updatedAt=2016-11-17T17:57:08.169Z, storeId=12, serviceId=3}}, {id=4, name=Apple Shop, createdAt=2016-11-17T17:56:35.881Z, updatedAt=2016-11-17T17:56:35.881Z, storeservices={createdAt=2016-11-17T17:57:08.169Z, updatedAt=2016-11-17T17:57:08.169Z, storeId=12, serviceId=4}}, {id=5, name=Hablamos Español, createdAt=2016-11-17T17:56:35.881Z, updatedAt=2016-11-17T17:56:35.881Z, storeservices={createdAt=2016-11-17T17:57:08.169Z, updatedAt=2016-11-17T17:57:08.169Z, storeId=12, serviceId=5}}, {id=7, name=Electronics Recycling, createdAt=2016-11-17T17:56:35.881Z, updatedAt=2016-11-17T17:56:35.881Z, storeservices={createdAt=2016-11-17T17:57:08.169Z, updatedAt=2016-11-17T17:57:08.169Z, storeId=12, serviceId=7}}, {id=10, name=Windows Store, createdAt=2016-11-17T17:56:35.881Z, updatedAt=2016-11-17T17:56:35.881Z, storeservices={createdAt=2016-11-17T17:57:08.169Z, updatedAt=2016-11-17T17:57:08.169Z, storeId=12, serviceId=10}}, {id=11, name=Samsung Experience, createdAt=2016-11-17T17:56:35.881Z, updatedAt=2016-11-17T17:56:35.881Z, storeservices={createdAt=2016-11-17T17:57:08.169Z, updatedAt=2016-11-17T17:57:08.169Z, storeId=12, serviceId=11}}, {id=12, name=Car & GPS Installation Services, createdAt=2016-11-17T17:56:35.881Z, updatedAt=2016-11-17T17:56:35.881Z, storeservices={createdAt=2016-11-17T17:57:08.169Z, updatedAt=2016-11-17T17:57:08.169Z, storeId=12, serviceId=12}}, {id=15, name=Best Buy Marine Powered by Geek Squad, createdAt=2016-11-17T17:56:35.881Z, updatedAt=2016-11-17T17:56:35.881Z, storeservices={createdAt=2016-11-17T17:57:08.169Z, updatedAt=2016-11-17T17:57:08.169Z, storeId=12, serviceId=15}}]}]
------------------End of Test---------------------------
]]></system-out>
  </testcase>
</testsuite>